Terminals unused in grammar

   FOR
   UMINUS


State 62 conflicts: 1 shift/reduce


Grammar

    0 $accept: program $end

    1 program: functions
    2        | error

    3 functions: function functions_spec
    4          | %empty

    5 functions_spec: functions

    6 function: FUNCTION ident SEMICOLON BEGIN_PARAMS declarations END_PARAMS BEGIN_LOCALS declarations END_LOCALS BEGIN_BODY statements END_BODY

    7 declarations: declaration SEMICOLON declarations_spec
    8             | %empty

    9 declarations_spec: declarations

   10 statements: statement SEMICOLON statementsEnding

   11 statementsEnding: statements
   12                 | %empty

   13 declaration: identifiers COLON INTEGER
   14            | identifiers COLON ARRAY L_SQUARE_BRACKET number R_SQUARE_BRACKET OF INTEGER
   15            | identifiers COLON ENUM L_PAREN identifiers R_PAREN

   16 identifiers: ident COMMA identifiers
   17            | ident

   18 statement: svar
   19          | sif
   20          | swhile
   21          | sdo
   22          | sread
   23          | swrite
   24          | scontinue
   25          | sreturn

   26 svar: var ASSIGN expression

   27 sif: IF bool_expr THEN statements ENDIF
   28    | IF bool_expr THEN statements ELSE statements ENDIF

   29 swhile: WHILE bool_expr BEGINLOOP statements ENDLOOP

   30 sdo: DO BEGINLOOP statements ENDLOOP WHILE bool_expr

   31 sread: READ vars

   32 vars: var
   33     | var COMMA vars

   34 swrite: WRITE vars

   35 scontinue: CONTINUE

   36 sreturn: RETURN expression

   37 bool_expr: relation_and_expr bool_exprs

   38 bool_exprs: OR relation_and_expr bool_exprs
   39           | %empty

   40 relation_and_expr: relation_expr relation_and_exprs

   41 relation_and_exprs: AND relation_expr relation_and_exprs
   42                   | %empty

   43 relation_expr: nots relation_expr_ending

   44 relation_expr_ending: expression comp expression
   45                     | TRUE
   46                     | FALSE
   47                     | L_PAREN bool_expr R_PAREN

   48 nots: NOT
   49     | %empty

   50 comp: EQ
   51     | NEQ
   52     | LT
   53     | GT
   54     | LTE
   55     | GTE

   56 expression: multiplicative_expr expression_operators

   57 expression_operators: ADD multiplicative_expr expression_operators
   58                     | SUB multiplicative_expr expression_operators
   59                     | %empty

   60 multiplicative_expr: term multiplicative_operators

   61 multiplicative_operators: MOD term multiplicative_operators
   62                         | DIV term multiplicative_operators
   63                         | MULT term multiplicative_operators
   64                         | %empty

   65 term: term_spec
   66     | subs number
   67     | subs L_PAREN expression R_PAREN

   68 term_spec: subs ident var_or_bottom

   69 subs: SUB
   70     | %empty

   71 expressions: expression COMMA expressions
   72            | expression
   73            | %empty

   74 var: ident var_spec

   75 var_or_bottom: var_spec
   76              | L_PAREN expressions R_PAREN

   77 var_spec: L_SQUARE_BRACKET expression R_SQUARE_BRACKET
   78         | %empty

   79 ident: IDENT

   80 number: NUMBER


Terminals, with rules where they appear

$end (0) 0
error (256) 2
FUNCTION (258) 6
BEGIN_PARAMS (259) 6
END_PARAMS (260) 6
BEGIN_LOCALS (261) 6
END_LOCALS (262) 6
BEGIN_BODY (263) 6
END_BODY (264) 6
INTEGER (265) 13 14
ARRAY (266) 14
ENUM (267) 15
OF (268) 14
IF (269) 27 28
THEN (270) 27 28
ENDIF (271) 27 28
ELSE (272) 28
FOR (273)
WHILE (274) 29 30
DO (275) 30
BEGINLOOP (276) 29 30
ENDLOOP (277) 29 30
CONTINUE (278) 35
READ (279) 31
WRITE (280) 34
TRUE (281) 45
FALSE (282) 46
RETURN (283) 36
SEMICOLON (284) 6 7 10
COLON (285) 13 14 15
COMMA (286) 16 33 71
ASSIGN (287) 26
OR (288) 38
AND (289) 41
NOT (290) 48
NEQ (291) 51
EQ (292) 50
GTE (293) 55
GT (294) 53
LTE (295) 54
LT (296) 52
ADD (297) 57
SUB (298) 58 69
MULT (299) 63
DIV (300) 62
MOD (301) 61
UMINUS (302)
L_SQUARE_BRACKET (303) 14 77
R_SQUARE_BRACKET (304) 14 77
L_PAREN (305) 15 47 67 76
R_PAREN (306) 15 47 67 76
IDENT (307) 79
NUMBER (308) 80


Nonterminals, with rules where they appear

$accept (54)
    on left: 0
program (55)
    on left: 1 2, on right: 0
functions (56)
    on left: 3 4, on right: 1 5
functions_spec (57)
    on left: 5, on right: 3
function (58)
    on left: 6, on right: 3
declarations (59)
    on left: 7 8, on right: 6 9
declarations_spec (60)
    on left: 9, on right: 7
statements (61)
    on left: 10, on right: 6 11 27 28 29 30
statementsEnding (62)
    on left: 11 12, on right: 10
declaration (63)
    on left: 13 14 15, on right: 7
identifiers (64)
    on left: 16 17, on right: 13 14 15 16
statement (65)
    on left: 18 19 20 21 22 23 24 25, on right: 10
svar (66)
    on left: 26, on right: 18
sif (67)
    on left: 27 28, on right: 19
swhile (68)
    on left: 29, on right: 20
sdo (69)
    on left: 30, on right: 21
sread (70)
    on left: 31, on right: 22
vars (71)
    on left: 32 33, on right: 31 33 34
swrite (72)
    on left: 34, on right: 23
scontinue (73)
    on left: 35, on right: 24
sreturn (74)
    on left: 36, on right: 25
bool_expr (75)
    on left: 37, on right: 27 28 29 30 47
bool_exprs (76)
    on left: 38 39, on right: 37 38
relation_and_expr (77)
    on left: 40, on right: 37 38
relation_and_exprs (78)
    on left: 41 42, on right: 40 41
relation_expr (79)
    on left: 43, on right: 40 41
relation_expr_ending (80)
    on left: 44 45 46 47, on right: 43
nots (81)
    on left: 48 49, on right: 43
comp (82)
    on left: 50 51 52 53 54 55, on right: 44
expression (83)
    on left: 56, on right: 26 36 44 67 71 72 77
expression_operators (84)
    on left: 57 58 59, on right: 56 57 58
multiplicative_expr (85)
    on left: 60, on right: 56 57 58
multiplicative_operators (86)
    on left: 61 62 63 64, on right: 60 61 62 63
term (87)
    on left: 65 66 67, on right: 60 61 62 63
term_spec (88)
    on left: 68, on right: 65
subs (89)
    on left: 69 70, on right: 66 67 68
expressions (90)
    on left: 71 72 73, on right: 71 76
var (91)
    on left: 74, on right: 26 32 33
var_or_bottom (92)
    on left: 75 76, on right: 68
var_spec (93)
    on left: 77 78, on right: 74 75
ident (94)
    on left: 79, on right: 6 16 17 68 74
number (95)
    on left: 80, on right: 14 66


State 0

    0 $accept: . program $end

    error     shift, and go to state 1
    FUNCTION  shift, and go to state 2

    $end  reduce using rule 4 (functions)

    program    go to state 3
    functions  go to state 4
    function   go to state 5


State 1

    2 program: error .

    $default  reduce using rule 2 (program)


State 2

    6 function: FUNCTION . ident SEMICOLON BEGIN_PARAMS declarations END_PARAMS BEGIN_LOCALS declarations END_LOCALS BEGIN_BODY statements END_BODY

    IDENT  shift, and go to state 6

    ident  go to state 7


State 3

    0 $accept: program . $end

    $end  shift, and go to state 8


State 4

    1 program: functions .

    $default  reduce using rule 1 (program)


State 5

    3 functions: function . functions_spec

    FUNCTION  shift, and go to state 2

    $default  reduce using rule 4 (functions)

    functions       go to state 9
    functions_spec  go to state 10
    function        go to state 5


State 6

   79 ident: IDENT .

    $default  reduce using rule 79 (ident)


State 7

    6 function: FUNCTION ident . SEMICOLON BEGIN_PARAMS declarations END_PARAMS BEGIN_LOCALS declarations END_LOCALS BEGIN_BODY statements END_BODY

    SEMICOLON  shift, and go to state 11


State 8

    0 $accept: program $end .

    $default  accept


State 9

    5 functions_spec: functions .

    $default  reduce using rule 5 (functions_spec)


State 10

    3 functions: function functions_spec .

    $default  reduce using rule 3 (functions)


State 11

    6 function: FUNCTION ident SEMICOLON . BEGIN_PARAMS declarations END_PARAMS BEGIN_LOCALS declarations END_LOCALS BEGIN_BODY statements END_BODY

    BEGIN_PARAMS  shift, and go to state 12


State 12

    6 function: FUNCTION ident SEMICOLON BEGIN_PARAMS . declarations END_PARAMS BEGIN_LOCALS declarations END_LOCALS BEGIN_BODY statements END_BODY

    IDENT  shift, and go to state 6

    $default  reduce using rule 8 (declarations)

    declarations  go to state 13
    declaration   go to state 14
    identifiers   go to state 15
    ident         go to state 16


State 13

    6 function: FUNCTION ident SEMICOLON BEGIN_PARAMS declarations . END_PARAMS BEGIN_LOCALS declarations END_LOCALS BEGIN_BODY statements END_BODY

    END_PARAMS  shift, and go to state 17


State 14

    7 declarations: declaration . SEMICOLON declarations_spec

    SEMICOLON  shift, and go to state 18


State 15

   13 declaration: identifiers . COLON INTEGER
   14            | identifiers . COLON ARRAY L_SQUARE_BRACKET number R_SQUARE_BRACKET OF INTEGER
   15            | identifiers . COLON ENUM L_PAREN identifiers R_PAREN

    COLON  shift, and go to state 19


State 16

   16 identifiers: ident . COMMA identifiers
   17            | ident .

    COMMA  shift, and go to state 20

    $default  reduce using rule 17 (identifiers)


State 17

    6 function: FUNCTION ident SEMICOLON BEGIN_PARAMS declarations END_PARAMS . BEGIN_LOCALS declarations END_LOCALS BEGIN_BODY statements END_BODY

    BEGIN_LOCALS  shift, and go to state 21


State 18

    7 declarations: declaration SEMICOLON . declarations_spec

    IDENT  shift, and go to state 6

    $default  reduce using rule 8 (declarations)

    declarations       go to state 22
    declarations_spec  go to state 23
    declaration        go to state 14
    identifiers        go to state 15
    ident              go to state 16


State 19

   13 declaration: identifiers COLON . INTEGER
   14            | identifiers COLON . ARRAY L_SQUARE_BRACKET number R_SQUARE_BRACKET OF INTEGER
   15            | identifiers COLON . ENUM L_PAREN identifiers R_PAREN

    INTEGER  shift, and go to state 24
    ARRAY    shift, and go to state 25
    ENUM     shift, and go to state 26


State 20

   16 identifiers: ident COMMA . identifiers

    IDENT  shift, and go to state 6

    identifiers  go to state 27
    ident        go to state 16


State 21

    6 function: FUNCTION ident SEMICOLON BEGIN_PARAMS declarations END_PARAMS BEGIN_LOCALS . declarations END_LOCALS BEGIN_BODY statements END_BODY

    IDENT  shift, and go to state 6

    $default  reduce using rule 8 (declarations)

    declarations  go to state 28
    declaration   go to state 14
    identifiers   go to state 15
    ident         go to state 16


State 22

    9 declarations_spec: declarations .

    $default  reduce using rule 9 (declarations_spec)


State 23

    7 declarations: declaration SEMICOLON declarations_spec .

    $default  reduce using rule 7 (declarations)


State 24

   13 declaration: identifiers COLON INTEGER .

    $default  reduce using rule 13 (declaration)


State 25

   14 declaration: identifiers COLON ARRAY . L_SQUARE_BRACKET number R_SQUARE_BRACKET OF INTEGER

    L_SQUARE_BRACKET  shift, and go to state 29


State 26

   15 declaration: identifiers COLON ENUM . L_PAREN identifiers R_PAREN

    L_PAREN  shift, and go to state 30


State 27

   16 identifiers: ident COMMA identifiers .

    $default  reduce using rule 16 (identifiers)


State 28

    6 function: FUNCTION ident SEMICOLON BEGIN_PARAMS declarations END_PARAMS BEGIN_LOCALS declarations . END_LOCALS BEGIN_BODY statements END_BODY

    END_LOCALS  shift, and go to state 31


State 29

   14 declaration: identifiers COLON ARRAY L_SQUARE_BRACKET . number R_SQUARE_BRACKET OF INTEGER

    NUMBER  shift, and go to state 32

    number  go to state 33


State 30

   15 declaration: identifiers COLON ENUM L_PAREN . identifiers R_PAREN

    IDENT  shift, and go to state 6

    identifiers  go to state 34
    ident        go to state 16


State 31

    6 function: FUNCTION ident SEMICOLON BEGIN_PARAMS declarations END_PARAMS BEGIN_LOCALS declarations END_LOCALS . BEGIN_BODY statements END_BODY

    BEGIN_BODY  shift, and go to state 35


State 32

   80 number: NUMBER .

    $default  reduce using rule 80 (number)


State 33

   14 declaration: identifiers COLON ARRAY L_SQUARE_BRACKET number . R_SQUARE_BRACKET OF INTEGER

    R_SQUARE_BRACKET  shift, and go to state 36


State 34

   15 declaration: identifiers COLON ENUM L_PAREN identifiers . R_PAREN

    R_PAREN  shift, and go to state 37


State 35

    6 function: FUNCTION ident SEMICOLON BEGIN_PARAMS declarations END_PARAMS BEGIN_LOCALS declarations END_LOCALS BEGIN_BODY . statements END_BODY

    IF        shift, and go to state 38
    WHILE     shift, and go to state 39
    DO        shift, and go to state 40
    CONTINUE  shift, and go to state 41
    READ      shift, and go to state 42
    WRITE     shift, and go to state 43
    RETURN    shift, and go to state 44
    IDENT     shift, and go to state 6

    statements  go to state 45
    statement   go to state 46
    svar        go to state 47
    sif         go to state 48
    swhile      go to state 49
    sdo         go to state 50
    sread       go to state 51
    swrite      go to state 52
    scontinue   go to state 53
    sreturn     go to state 54
    var         go to state 55
    ident       go to state 56


State 36

   14 declaration: identifiers COLON ARRAY L_SQUARE_BRACKET number R_SQUARE_BRACKET . OF INTEGER

    OF  shift, and go to state 57


State 37

   15 declaration: identifiers COLON ENUM L_PAREN identifiers R_PAREN .

    $default  reduce using rule 15 (declaration)


State 38

   27 sif: IF . bool_expr THEN statements ENDIF
   28    | IF . bool_expr THEN statements ELSE statements ENDIF

    NOT  shift, and go to state 58

    $default  reduce using rule 49 (nots)

    bool_expr          go to state 59
    relation_and_expr  go to state 60
    relation_expr      go to state 61
    nots               go to state 62


State 39

   29 swhile: WHILE . bool_expr BEGINLOOP statements ENDLOOP

    NOT  shift, and go to state 58

    $default  reduce using rule 49 (nots)

    bool_expr          go to state 63
    relation_and_expr  go to state 60
    relation_expr      go to state 61
    nots               go to state 62


State 40

   30 sdo: DO . BEGINLOOP statements ENDLOOP WHILE bool_expr

    BEGINLOOP  shift, and go to state 64


State 41

   35 scontinue: CONTINUE .

    $default  reduce using rule 35 (scontinue)


State 42

   31 sread: READ . vars

    IDENT  shift, and go to state 6

    vars   go to state 65
    var    go to state 66
    ident  go to state 56


State 43

   34 swrite: WRITE . vars

    IDENT  shift, and go to state 6

    vars   go to state 67
    var    go to state 66
    ident  go to state 56


State 44

   36 sreturn: RETURN . expression

    SUB  shift, and go to state 68

    $default  reduce using rule 70 (subs)

    expression           go to state 69
    multiplicative_expr  go to state 70
    term                 go to state 71
    term_spec            go to state 72
    subs                 go to state 73


State 45

    6 function: FUNCTION ident SEMICOLON BEGIN_PARAMS declarations END_PARAMS BEGIN_LOCALS declarations END_LOCALS BEGIN_BODY statements . END_BODY

    END_BODY  shift, and go to state 74


State 46

   10 statements: statement . SEMICOLON statementsEnding

    SEMICOLON  shift, and go to state 75


State 47

   18 statement: svar .

    $default  reduce using rule 18 (statement)


State 48

   19 statement: sif .

    $default  reduce using rule 19 (statement)


State 49

   20 statement: swhile .

    $default  reduce using rule 20 (statement)


State 50

   21 statement: sdo .

    $default  reduce using rule 21 (statement)


State 51

   22 statement: sread .

    $default  reduce using rule 22 (statement)


State 52

   23 statement: swrite .

    $default  reduce using rule 23 (statement)


State 53

   24 statement: scontinue .

    $default  reduce using rule 24 (statement)


State 54

   25 statement: sreturn .

    $default  reduce using rule 25 (statement)


State 55

   26 svar: var . ASSIGN expression

    ASSIGN  shift, and go to state 76


State 56

   74 var: ident . var_spec

    L_SQUARE_BRACKET  shift, and go to state 77

    $default  reduce using rule 78 (var_spec)

    var_spec  go to state 78


State 57

   14 declaration: identifiers COLON ARRAY L_SQUARE_BRACKET number R_SQUARE_BRACKET OF . INTEGER

    INTEGER  shift, and go to state 79


State 58

   48 nots: NOT .

    $default  reduce using rule 48 (nots)


State 59

   27 sif: IF bool_expr . THEN statements ENDIF
   28    | IF bool_expr . THEN statements ELSE statements ENDIF

    THEN  shift, and go to state 80


State 60

   37 bool_expr: relation_and_expr . bool_exprs

    OR  shift, and go to state 81

    $default  reduce using rule 39 (bool_exprs)

    bool_exprs  go to state 82


State 61

   40 relation_and_expr: relation_expr . relation_and_exprs

    AND  shift, and go to state 83

    $default  reduce using rule 42 (relation_and_exprs)

    relation_and_exprs  go to state 84


State 62

   43 relation_expr: nots . relation_expr_ending

    TRUE     shift, and go to state 85
    FALSE    shift, and go to state 86
    SUB      shift, and go to state 68
    L_PAREN  shift, and go to state 87

    L_PAREN   [reduce using rule 70 (subs)]
    $default  reduce using rule 70 (subs)

    relation_expr_ending  go to state 88
    expression            go to state 89
    multiplicative_expr   go to state 70
    term                  go to state 71
    term_spec             go to state 72
    subs                  go to state 73


State 63

   29 swhile: WHILE bool_expr . BEGINLOOP statements ENDLOOP

    BEGINLOOP  shift, and go to state 90


State 64

   30 sdo: DO BEGINLOOP . statements ENDLOOP WHILE bool_expr

    IF        shift, and go to state 38
    WHILE     shift, and go to state 39
    DO        shift, and go to state 40
    CONTINUE  shift, and go to state 41
    READ      shift, and go to state 42
    WRITE     shift, and go to state 43
    RETURN    shift, and go to state 44
    IDENT     shift, and go to state 6

    statements  go to state 91
    statement   go to state 46
    svar        go to state 47
    sif         go to state 48
    swhile      go to state 49
    sdo         go to state 50
    sread       go to state 51
    swrite      go to state 52
    scontinue   go to state 53
    sreturn     go to state 54
    var         go to state 55
    ident       go to state 56


State 65

   31 sread: READ vars .

    $default  reduce using rule 31 (sread)


State 66

   32 vars: var .
   33     | var . COMMA vars

    COMMA  shift, and go to state 92

    $default  reduce using rule 32 (vars)


State 67

   34 swrite: WRITE vars .

    $default  reduce using rule 34 (swrite)


State 68

   69 subs: SUB .

    $default  reduce using rule 69 (subs)


State 69

   36 sreturn: RETURN expression .

    $default  reduce using rule 36 (sreturn)


State 70

   56 expression: multiplicative_expr . expression_operators

    ADD  shift, and go to state 93
    SUB  shift, and go to state 94

    $default  reduce using rule 59 (expression_operators)

    expression_operators  go to state 95


State 71

   60 multiplicative_expr: term . multiplicative_operators

    MULT  shift, and go to state 96
    DIV   shift, and go to state 97
    MOD   shift, and go to state 98

    $default  reduce using rule 64 (multiplicative_operators)

    multiplicative_operators  go to state 99


State 72

   65 term: term_spec .

    $default  reduce using rule 65 (term)


State 73

   66 term: subs . number
   67     | subs . L_PAREN expression R_PAREN
   68 term_spec: subs . ident var_or_bottom

    L_PAREN  shift, and go to state 100
    IDENT    shift, and go to state 6
    NUMBER   shift, and go to state 32

    ident   go to state 101
    number  go to state 102


State 74

    6 function: FUNCTION ident SEMICOLON BEGIN_PARAMS declarations END_PARAMS BEGIN_LOCALS declarations END_LOCALS BEGIN_BODY statements END_BODY .

    $default  reduce using rule 6 (function)


State 75

   10 statements: statement SEMICOLON . statementsEnding

    IF        shift, and go to state 38
    WHILE     shift, and go to state 39
    DO        shift, and go to state 40
    CONTINUE  shift, and go to state 41
    READ      shift, and go to state 42
    WRITE     shift, and go to state 43
    RETURN    shift, and go to state 44
    IDENT     shift, and go to state 6

    $default  reduce using rule 12 (statementsEnding)

    statements        go to state 103
    statementsEnding  go to state 104
    statement         go to state 46
    svar              go to state 47
    sif               go to state 48
    swhile            go to state 49
    sdo               go to state 50
    sread             go to state 51
    swrite            go to state 52
    scontinue         go to state 53
    sreturn           go to state 54
    var               go to state 55
    ident             go to state 56


State 76

   26 svar: var ASSIGN . expression

    SUB  shift, and go to state 68

    $default  reduce using rule 70 (subs)

    expression           go to state 105
    multiplicative_expr  go to state 70
    term                 go to state 71
    term_spec            go to state 72
    subs                 go to state 73


State 77

   77 var_spec: L_SQUARE_BRACKET . expression R_SQUARE_BRACKET

    SUB  shift, and go to state 68

    $default  reduce using rule 70 (subs)

    expression           go to state 106
    multiplicative_expr  go to state 70
    term                 go to state 71
    term_spec            go to state 72
    subs                 go to state 73


State 78

   74 var: ident var_spec .

    $default  reduce using rule 74 (var)


State 79

   14 declaration: identifiers COLON ARRAY L_SQUARE_BRACKET number R_SQUARE_BRACKET OF INTEGER .

    $default  reduce using rule 14 (declaration)


State 80

   27 sif: IF bool_expr THEN . statements ENDIF
   28    | IF bool_expr THEN . statements ELSE statements ENDIF

    IF        shift, and go to state 38
    WHILE     shift, and go to state 39
    DO        shift, and go to state 40
    CONTINUE  shift, and go to state 41
    READ      shift, and go to state 42
    WRITE     shift, and go to state 43
    RETURN    shift, and go to state 44
    IDENT     shift, and go to state 6

    statements  go to state 107
    statement   go to state 46
    svar        go to state 47
    sif         go to state 48
    swhile      go to state 49
    sdo         go to state 50
    sread       go to state 51
    swrite      go to state 52
    scontinue   go to state 53
    sreturn     go to state 54
    var         go to state 55
    ident       go to state 56


State 81

   38 bool_exprs: OR . relation_and_expr bool_exprs

    NOT  shift, and go to state 58

    $default  reduce using rule 49 (nots)

    relation_and_expr  go to state 108
    relation_expr      go to state 61
    nots               go to state 62


State 82

   37 bool_expr: relation_and_expr bool_exprs .

    $default  reduce using rule 37 (bool_expr)


State 83

   41 relation_and_exprs: AND . relation_expr relation_and_exprs

    NOT  shift, and go to state 58

    $default  reduce using rule 49 (nots)

    relation_expr  go to state 109
    nots           go to state 62


State 84

   40 relation_and_expr: relation_expr relation_and_exprs .

    $default  reduce using rule 40 (relation_and_expr)


State 85

   45 relation_expr_ending: TRUE .

    $default  reduce using rule 45 (relation_expr_ending)


State 86

   46 relation_expr_ending: FALSE .

    $default  reduce using rule 46 (relation_expr_ending)


State 87

   47 relation_expr_ending: L_PAREN . bool_expr R_PAREN

    NOT  shift, and go to state 58

    $default  reduce using rule 49 (nots)

    bool_expr          go to state 110
    relation_and_expr  go to state 60
    relation_expr      go to state 61
    nots               go to state 62


State 88

   43 relation_expr: nots relation_expr_ending .

    $default  reduce using rule 43 (relation_expr)


State 89

   44 relation_expr_ending: expression . comp expression

    NEQ  shift, and go to state 111
    EQ   shift, and go to state 112
    GTE  shift, and go to state 113
    GT   shift, and go to state 114
    LTE  shift, and go to state 115
    LT   shift, and go to state 116

    comp  go to state 117


State 90

   29 swhile: WHILE bool_expr BEGINLOOP . statements ENDLOOP

    IF        shift, and go to state 38
    WHILE     shift, and go to state 39
    DO        shift, and go to state 40
    CONTINUE  shift, and go to state 41
    READ      shift, and go to state 42
    WRITE     shift, and go to state 43
    RETURN    shift, and go to state 44
    IDENT     shift, and go to state 6

    statements  go to state 118
    statement   go to state 46
    svar        go to state 47
    sif         go to state 48
    swhile      go to state 49
    sdo         go to state 50
    sread       go to state 51
    swrite      go to state 52
    scontinue   go to state 53
    sreturn     go to state 54
    var         go to state 55
    ident       go to state 56


State 91

   30 sdo: DO BEGINLOOP statements . ENDLOOP WHILE bool_expr

    ENDLOOP  shift, and go to state 119


State 92

   33 vars: var COMMA . vars

    IDENT  shift, and go to state 6

    vars   go to state 120
    var    go to state 66
    ident  go to state 56


State 93

   57 expression_operators: ADD . multiplicative_expr expression_operators

    SUB  shift, and go to state 68

    $default  reduce using rule 70 (subs)

    multiplicative_expr  go to state 121
    term                 go to state 71
    term_spec            go to state 72
    subs                 go to state 73


State 94

   58 expression_operators: SUB . multiplicative_expr expression_operators

    SUB  shift, and go to state 68

    $default  reduce using rule 70 (subs)

    multiplicative_expr  go to state 122
    term                 go to state 71
    term_spec            go to state 72
    subs                 go to state 73


State 95

   56 expression: multiplicative_expr expression_operators .

    $default  reduce using rule 56 (expression)


State 96

   63 multiplicative_operators: MULT . term multiplicative_operators

    SUB  shift, and go to state 68

    $default  reduce using rule 70 (subs)

    term       go to state 123
    term_spec  go to state 72
    subs       go to state 73


State 97

   62 multiplicative_operators: DIV . term multiplicative_operators

    SUB  shift, and go to state 68

    $default  reduce using rule 70 (subs)

    term       go to state 124
    term_spec  go to state 72
    subs       go to state 73


State 98

   61 multiplicative_operators: MOD . term multiplicative_operators

    SUB  shift, and go to state 68

    $default  reduce using rule 70 (subs)

    term       go to state 125
    term_spec  go to state 72
    subs       go to state 73


State 99

   60 multiplicative_expr: term multiplicative_operators .

    $default  reduce using rule 60 (multiplicative_expr)


State 100

   67 term: subs L_PAREN . expression R_PAREN

    SUB  shift, and go to state 68

    $default  reduce using rule 70 (subs)

    expression           go to state 126
    multiplicative_expr  go to state 70
    term                 go to state 71
    term_spec            go to state 72
    subs                 go to state 73


State 101

   68 term_spec: subs ident . var_or_bottom

    L_SQUARE_BRACKET  shift, and go to state 77
    L_PAREN           shift, and go to state 127

    $default  reduce using rule 78 (var_spec)

    var_or_bottom  go to state 128
    var_spec       go to state 129


State 102

   66 term: subs number .

    $default  reduce using rule 66 (term)


State 103

   11 statementsEnding: statements .

    $default  reduce using rule 11 (statementsEnding)


State 104

   10 statements: statement SEMICOLON statementsEnding .

    $default  reduce using rule 10 (statements)


State 105

   26 svar: var ASSIGN expression .

    $default  reduce using rule 26 (svar)


State 106

   77 var_spec: L_SQUARE_BRACKET expression . R_SQUARE_BRACKET

    R_SQUARE_BRACKET  shift, and go to state 130


State 107

   27 sif: IF bool_expr THEN statements . ENDIF
   28    | IF bool_expr THEN statements . ELSE statements ENDIF

    ENDIF  shift, and go to state 131
    ELSE   shift, and go to state 132


State 108

   38 bool_exprs: OR relation_and_expr . bool_exprs

    OR  shift, and go to state 81

    $default  reduce using rule 39 (bool_exprs)

    bool_exprs  go to state 133


State 109

   41 relation_and_exprs: AND relation_expr . relation_and_exprs

    AND  shift, and go to state 83

    $default  reduce using rule 42 (relation_and_exprs)

    relation_and_exprs  go to state 134


State 110

   47 relation_expr_ending: L_PAREN bool_expr . R_PAREN

    R_PAREN  shift, and go to state 135


State 111

   51 comp: NEQ .

    $default  reduce using rule 51 (comp)


State 112

   50 comp: EQ .

    $default  reduce using rule 50 (comp)


State 113

   55 comp: GTE .

    $default  reduce using rule 55 (comp)


State 114

   53 comp: GT .

    $default  reduce using rule 53 (comp)


State 115

   54 comp: LTE .

    $default  reduce using rule 54 (comp)


State 116

   52 comp: LT .

    $default  reduce using rule 52 (comp)


State 117

   44 relation_expr_ending: expression comp . expression

    SUB  shift, and go to state 68

    $default  reduce using rule 70 (subs)

    expression           go to state 136
    multiplicative_expr  go to state 70
    term                 go to state 71
    term_spec            go to state 72
    subs                 go to state 73


State 118

   29 swhile: WHILE bool_expr BEGINLOOP statements . ENDLOOP

    ENDLOOP  shift, and go to state 137


State 119

   30 sdo: DO BEGINLOOP statements ENDLOOP . WHILE bool_expr

    WHILE  shift, and go to state 138


State 120

   33 vars: var COMMA vars .

    $default  reduce using rule 33 (vars)


State 121

   57 expression_operators: ADD multiplicative_expr . expression_operators

    ADD  shift, and go to state 93
    SUB  shift, and go to state 94

    $default  reduce using rule 59 (expression_operators)

    expression_operators  go to state 139


State 122

   58 expression_operators: SUB multiplicative_expr . expression_operators

    ADD  shift, and go to state 93
    SUB  shift, and go to state 94

    $default  reduce using rule 59 (expression_operators)

    expression_operators  go to state 140


State 123

   63 multiplicative_operators: MULT term . multiplicative_operators

    MULT  shift, and go to state 96
    DIV   shift, and go to state 97
    MOD   shift, and go to state 98

    $default  reduce using rule 64 (multiplicative_operators)

    multiplicative_operators  go to state 141


State 124

   62 multiplicative_operators: DIV term . multiplicative_operators

    MULT  shift, and go to state 96
    DIV   shift, and go to state 97
    MOD   shift, and go to state 98

    $default  reduce using rule 64 (multiplicative_operators)

    multiplicative_operators  go to state 142


State 125

   61 multiplicative_operators: MOD term . multiplicative_operators

    MULT  shift, and go to state 96
    DIV   shift, and go to state 97
    MOD   shift, and go to state 98

    $default  reduce using rule 64 (multiplicative_operators)

    multiplicative_operators  go to state 143


State 126

   67 term: subs L_PAREN expression . R_PAREN

    R_PAREN  shift, and go to state 144


State 127

   76 var_or_bottom: L_PAREN . expressions R_PAREN

    SUB  shift, and go to state 68

    R_PAREN   reduce using rule 73 (expressions)
    $default  reduce using rule 70 (subs)

    expression           go to state 145
    multiplicative_expr  go to state 70
    term                 go to state 71
    term_spec            go to state 72
    subs                 go to state 73
    expressions          go to state 146


State 128

   68 term_spec: subs ident var_or_bottom .

    $default  reduce using rule 68 (term_spec)


State 129

   75 var_or_bottom: var_spec .

    $default  reduce using rule 75 (var_or_bottom)


State 130

   77 var_spec: L_SQUARE_BRACKET expression R_SQUARE_BRACKET .

    $default  reduce using rule 77 (var_spec)


State 131

   27 sif: IF bool_expr THEN statements ENDIF .

    $default  reduce using rule 27 (sif)


State 132

   28 sif: IF bool_expr THEN statements ELSE . statements ENDIF

    IF        shift, and go to state 38
    WHILE     shift, and go to state 39
    DO        shift, and go to state 40
    CONTINUE  shift, and go to state 41
    READ      shift, and go to state 42
    WRITE     shift, and go to state 43
    RETURN    shift, and go to state 44
    IDENT     shift, and go to state 6

    statements  go to state 147
    statement   go to state 46
    svar        go to state 47
    sif         go to state 48
    swhile      go to state 49
    sdo         go to state 50
    sread       go to state 51
    swrite      go to state 52
    scontinue   go to state 53
    sreturn     go to state 54
    var         go to state 55
    ident       go to state 56


State 133

   38 bool_exprs: OR relation_and_expr bool_exprs .

    $default  reduce using rule 38 (bool_exprs)


State 134

   41 relation_and_exprs: AND relation_expr relation_and_exprs .

    $default  reduce using rule 41 (relation_and_exprs)


State 135

   47 relation_expr_ending: L_PAREN bool_expr R_PAREN .

    $default  reduce using rule 47 (relation_expr_ending)


State 136

   44 relation_expr_ending: expression comp expression .

    $default  reduce using rule 44 (relation_expr_ending)


State 137

   29 swhile: WHILE bool_expr BEGINLOOP statements ENDLOOP .

    $default  reduce using rule 29 (swhile)


State 138

   30 sdo: DO BEGINLOOP statements ENDLOOP WHILE . bool_expr

    NOT  shift, and go to state 58

    $default  reduce using rule 49 (nots)

    bool_expr          go to state 148
    relation_and_expr  go to state 60
    relation_expr      go to state 61
    nots               go to state 62


State 139

   57 expression_operators: ADD multiplicative_expr expression_operators .

    $default  reduce using rule 57 (expression_operators)


State 140

   58 expression_operators: SUB multiplicative_expr expression_operators .

    $default  reduce using rule 58 (expression_operators)


State 141

   63 multiplicative_operators: MULT term multiplicative_operators .

    $default  reduce using rule 63 (multiplicative_operators)


State 142

   62 multiplicative_operators: DIV term multiplicative_operators .

    $default  reduce using rule 62 (multiplicative_operators)


State 143

   61 multiplicative_operators: MOD term multiplicative_operators .

    $default  reduce using rule 61 (multiplicative_operators)


State 144

   67 term: subs L_PAREN expression R_PAREN .

    $default  reduce using rule 67 (term)


State 145

   71 expressions: expression . COMMA expressions
   72            | expression .

    COMMA  shift, and go to state 149

    $default  reduce using rule 72 (expressions)


State 146

   76 var_or_bottom: L_PAREN expressions . R_PAREN

    R_PAREN  shift, and go to state 150


State 147

   28 sif: IF bool_expr THEN statements ELSE statements . ENDIF

    ENDIF  shift, and go to state 151


State 148

   30 sdo: DO BEGINLOOP statements ENDLOOP WHILE bool_expr .

    $default  reduce using rule 30 (sdo)


State 149

   71 expressions: expression COMMA . expressions

    SUB  shift, and go to state 68

    R_PAREN   reduce using rule 73 (expressions)
    $default  reduce using rule 70 (subs)

    expression           go to state 145
    multiplicative_expr  go to state 70
    term                 go to state 71
    term_spec            go to state 72
    subs                 go to state 73
    expressions          go to state 152


State 150

   76 var_or_bottom: L_PAREN expressions R_PAREN .

    $default  reduce using rule 76 (var_or_bottom)


State 151

   28 sif: IF bool_expr THEN statements ELSE statements ENDIF .

    $default  reduce using rule 28 (sif)


State 152

   71 expressions: expression COMMA expressions .

    $default  reduce using rule 71 (expressions)
